<?xml version="1.0" encoding="UTF-8"?>
<!-- Generated by org.testng.reporters.JUnitXMLReporter -->
<testsuite ignored="0" hostname="DESKTOP-36T3P3G" failures="0" tests="6" name="Command line test" time="0.075" errors="0" timestamp="2020-09-27T12:51:58 IST">
  <testcase classname="sGowda.MavenJava.AppiumTest" name="MobileApplicationAutomation" time="0.006"/>
  <testcase classname="sGowda.MavenJava.AppiumTest" name="MobileAutomation" time="0.003"/>
  <testcase classname="sGowda.MavenJava.RestAPITest" name="APIAutomation" time="0.001"/>
  <testcase classname="sGowda.MavenJava.RestAPITest" name="GetAPIKey" time="0.0"/>
  <testcase classname="sGowda.MavenJava.SeleniumTest" name="BrowserAutomation" time="0.0"/>
  <testcase classname="sGowda.MavenJava.SeleniumTest" name="PaginationAutomation" time="0.002"/>
</testsuite> <!-- Command line test -->
