<?xml version="1.0" encoding="UTF-8"?>
<!-- Generated by org.testng.reporters.JUnitXMLReporter -->
<testsuite ignored="0" hostname="DESKTOP-36T3P3G" failures="0" tests="4" name="Test" time="0.049" errors="0" timestamp="2020-09-27T14:08:37 IST">
  <testcase classname="sGowda.MavenJava.RestAPITest" name="APIAutomation" time="0.003"/>
  <testcase classname="sGowda.MavenJava.RestAPITest" name="GetAPIKey" time="0.0"/>
  <testcase classname="sGowda.MavenJava.AppiumTest" name="MobileApplicationAutomation" time="0.001"/>
  <testcase classname="sGowda.MavenJava.AppiumTest" name="MobileAutomation" time="0.0"/>
</testsuite> <!-- Test -->
