<?xml version="1.0" encoding="UTF-8"?>
<testng-results ignored="0" total="4" passed="4" failed="0" skipped="0">
  <reporter-output>
  </reporter-output>
  <suite started-at="2020-09-27T14:08:37 IST" name="Suite" finished-at="2020-09-27T14:08:37 IST" duration-ms="49">
    <groups>
    </groups>
    <test started-at="2020-09-27T14:08:37 IST" name="Test" finished-at="2020-09-27T14:08:37 IST" duration-ms="49">
      <class name="sGowda.MavenJava.AppiumTest">
        <test-method signature="MobileApplicationAutomation()[pri:0, instance:sGowda.MavenJava.AppiumTest@f2ff811]" started-at="2020-09-27T14:08:37 IST" name="MobileApplicationAutomation" finished-at="2020-09-27T14:08:37 IST" duration-ms="1" status="PASS">
          <reporter-output>
          </reporter-output>
        </test-method> <!-- MobileApplicationAutomation -->
        <test-method signature="MobileAutomation()[pri:0, instance:sGowda.MavenJava.AppiumTest@f2ff811]" started-at="2020-09-27T14:08:37 IST" name="MobileAutomation" finished-at="2020-09-27T14:08:37 IST" duration-ms="0" status="PASS">
          <reporter-output>
          </reporter-output>
        </test-method> <!-- MobileAutomation -->
      </class> <!-- sGowda.MavenJava.AppiumTest -->
      <class name="sGowda.MavenJava.RestAPITest">
        <test-method signature="APIAutomation()[pri:0, instance:sGowda.MavenJava.RestAPITest@65b3f4a4]" started-at="2020-09-27T14:08:37 IST" name="APIAutomation" finished-at="2020-09-27T14:08:37 IST" duration-ms="3" status="PASS">
          <reporter-output>
          </reporter-output>
        </test-method> <!-- APIAutomation -->
        <test-method signature="GetAPIKey()[pri:0, instance:sGowda.MavenJava.RestAPITest@65b3f4a4]" started-at="2020-09-27T14:08:37 IST" name="GetAPIKey" finished-at="2020-09-27T14:08:37 IST" duration-ms="0" status="PASS">
          <reporter-output>
          </reporter-output>
        </test-method> <!-- GetAPIKey -->
      </class> <!-- sGowda.MavenJava.RestAPITest -->
    </test> <!-- Test -->
  </suite> <!-- Suite -->
</testng-results>
